<?xml version="1.0" encoding="UTF-8"?>
<!-- Generated by org.testng.reporters.JUnitXMLReporter -->
<testsuite ignored="2" hostname="Nikhil" failures="0" tests="2" name="Test" time="52.28" errors="0" timestamp="2024-09-04T09:46:48 IST">
  <testcase classname="testCaseRepository.LE_01" name="le_01TC" time="14.257"/>
  <testcase classname="testCaseRepository.LE_02" name="le02_TC" time="15.028"/>
  <testcase classname="genericLibrary.BaseClasss" name="@BeforeSuite createDbConnection" time="0.0">
    <ignored/>
  </testcase> <!-- @BeforeSuite createDbConnection -->
  <testcase classname="genericLibrary.BaseClasss" name="@AfterSuite closeDbConnection" time="0.0">
    <ignored/>
  </testcase> <!-- @AfterSuite closeDbConnection -->
</testsuite> <!-- Test -->
